<?xml version="1.0" encoding="UTF-8"?>
<!-- Generated by org.testng.reporters.JUnitXMLReporter -->
<testsuite hostname="Jayashrees-MacBook-Air.local" ignored="0" name="Banking App Test" tests="2" failures="1" timestamp="2021-12-01T20:51:32 IST" time="26.346" errors="0">
  <testcase name="loginTest" time="2.726" classname="com.inetbanking.testCases.TC_LoginTest_001_test"/>
  <testcase name="addingCustomer" time="9.858" classname="com.inetbanking.testCases.TC_AddNewCustomer_003_test">
    <failure type="java.lang.AssertionError" message="expected [true] but found [false]">
      <![CDATA[java.lang.AssertionError: expected [true] but found [false]
at com.inetbanking.testCases.TC_AddNewCustomer_003_test.addingCustomer(TC_AddNewCustomer_003_test.java:65)
at java.util.ArrayList.forEach(ArrayList.java:1259)
... Removed 34 stack frames]]>
    </failure>
  </testcase> <!-- addingCustomer -->
</testsuite> <!-- Banking App Test -->
