<?xml version="1.0" encoding="UTF-8"?>
<!-- Generated by org.testng.reporters.JUnitXMLReporter -->
<testsuite hostname="Jayashrees-MacBook-Air.local" ignored="0" name="Banking App Test" tests="6" failures="5" timestamp="2021-12-01T19:12:11 IST" time="36.531" errors="0">
  <testcase name="loginTest" time="2.803" classname="com.inetbanking.testCases.TC_LoginTest_001_test"/>
  <testcase name="loginDDT" time="0.794" classname="com.inetbanking.testCases.TC_LoginTest_002_test">
    <failure type="java.lang.NoClassDefFoundError" message="org.openqa.selenium.WebDriverException">
      <![CDATA[java.lang.NoClassDefFoundError: org.openqa.selenium.WebDriverException
at org.openqa.selenium.remote.RemoteWebDriver.execute(RemoteWebDriver.java:583)
at org.openqa.selenium.remote.RemoteWebDriver.execute(RemoteWebDriver.java:614)
at org.openqa.selenium.remote.RemoteWebDriver.execute(RemoteWebDriver.java:618)
at org.openqa.selenium.remote.RemoteWebDriver$RemoteWebDriverOptions$RemoteWindow.maximize(RemoteWebDriver.java:928)
at com.inetbanking.testCases.TC_LoginTest_002_test.loginDDT(TC_LoginTest_002_test.java:30)
at java.util.ArrayList.forEach(ArrayList.java:1259)
... Removed 27 stack frames]]>
    </failure>
  </testcase> <!-- loginDDT -->
  <testcase name="loginDDT" time="1.609" classname="com.inetbanking.testCases.TC_LoginTest_002_test">
    <failure type="java.lang.NoClassDefFoundError" message="org.openqa.selenium.WebDriverException">
      <![CDATA[java.lang.NoClassDefFoundError: org.openqa.selenium.WebDriverException
at org.openqa.selenium.remote.RemoteWebDriver.execute(RemoteWebDriver.java:583)
at org.openqa.selenium.remote.RemoteWebDriver.execute(RemoteWebDriver.java:614)
at org.openqa.selenium.remote.RemoteWebDriver.execute(RemoteWebDriver.java:618)
at org.openqa.selenium.remote.RemoteWebDriver$RemoteWebDriverOptions$RemoteWindow.maximize(RemoteWebDriver.java:928)
at com.inetbanking.testCases.TC_LoginTest_002_test.loginDDT(TC_LoginTest_002_test.java:30)
at java.util.ArrayList.forEach(ArrayList.java:1259)
... Removed 27 stack frames]]>
    </failure>
  </testcase> <!-- loginDDT -->
  <testcase name="loginDDT" time="1.75" classname="com.inetbanking.testCases.TC_LoginTest_002_test">
    <failure type="java.lang.NoClassDefFoundError" message="org.openqa.selenium.WebDriverException">
      <![CDATA[java.lang.NoClassDefFoundError: org.openqa.selenium.WebDriverException
at org.openqa.selenium.remote.RemoteWebDriver.execute(RemoteWebDriver.java:583)
at org.openqa.selenium.remote.RemoteWebDriver.execute(RemoteWebDriver.java:614)
at org.openqa.selenium.remote.RemoteWebDriver.execute(RemoteWebDriver.java:618)
at org.openqa.selenium.remote.RemoteWebDriver$RemoteWebDriverOptions$RemoteWindow.maximize(RemoteWebDriver.java:928)
at com.inetbanking.testCases.TC_LoginTest_002_test.loginDDT(TC_LoginTest_002_test.java:30)
at java.util.ArrayList.forEach(ArrayList.java:1259)
... Removed 27 stack frames]]>
    </failure>
  </testcase> <!-- loginDDT -->
  <testcase name="loginDDT" time="5.57" classname="com.inetbanking.testCases.TC_LoginTest_002_test">
    <failure type="java.lang.NoClassDefFoundError" message="org.openqa.selenium.WebDriverException">
      <![CDATA[java.lang.NoClassDefFoundError: org.openqa.selenium.WebDriverException
at org.openqa.selenium.remote.RemoteWebDriver.execute(RemoteWebDriver.java:583)
at org.openqa.selenium.remote.RemoteWebDriver.execute(RemoteWebDriver.java:614)
at org.openqa.selenium.remote.RemoteWebDriver.execute(RemoteWebDriver.java:618)
at org.openqa.selenium.remote.RemoteWebDriver$RemoteTargetLocator.alert(RemoteWebDriver.java:1054)
at com.inetbanking.testCases.TC_LoginTest_002_test.isAlertPresent(TC_LoginTest_002_test.java:72)
at com.inetbanking.testCases.TC_LoginTest_002_test.loginDDT(TC_LoginTest_002_test.java:39)
at java.util.ArrayList.forEach(ArrayList.java:1259)
... Removed 27 stack frames]]>
    </failure>
  </testcase> <!-- loginDDT -->
  <testcase name="loginDDT" time="10.025" classname="com.inetbanking.testCases.TC_LoginTest_002_test">
    <failure type="java.lang.NoClassDefFoundError" message="org.openqa.selenium.WebDriverException">
      <![CDATA[java.lang.NoClassDefFoundError: org.openqa.selenium.WebDriverException
at org.openqa.selenium.remote.RemoteWebDriver.execute(RemoteWebDriver.java:583)
at org.openqa.selenium.remote.ElementLocation$ElementFinder$2.findElement(ElementLocation.java:162)
at org.openqa.selenium.remote.ElementLocation.findElement(ElementLocation.java:60)
at org.openqa.selenium.remote.RemoteWebDriver.findElement(RemoteWebDriver.java:383)
at org.openqa.selenium.remote.RemoteWebDriver.findElement(RemoteWebDriver.java:375)
at org.openqa.selenium.support.pagefactory.DefaultElementLocator.findElement(DefaultElementLocator.java:70)
at org.openqa.selenium.support.pagefactory.internal.LocatingElementHandler.invoke(LocatingElementHandler.java:39)
at com.sun.proxy.$Proxy35.sendKeys(Unknown Source)
at com.inetbanking.pageobjects.loginPageObjects.setUname(loginPageObjects.java:58)
at com.inetbanking.testCases.TC_LoginTest_002_test.loginDDT(TC_LoginTest_002_test.java:25)
at java.util.ArrayList.forEach(ArrayList.java:1259)
... Removed 27 stack frames]]>
    </failure>
  </testcase> <!-- loginDDT -->
</testsuite> <!-- Banking App Test -->
