<?xml version="1.0" encoding="UTF-8"?>
<testng-results skipped="0" failed="1" ignored="0" total="2" passed="1">
  <reporter-output>
  </reporter-output>
  <suite name="MavenSelYoutubeBankingProject" duration-ms="26346" started-at="2021-12-01T20:51:06 IST" finished-at="2021-12-01T20:51:32 IST">
    <groups>
    </groups>
    <test name="Banking App Test" duration-ms="26346" started-at="2021-12-01T20:51:06 IST" finished-at="2021-12-01T20:51:32 IST">
      <class name="com.inetbanking.testCases.TC_LoginTest_001_test">
        <test-method status="PASS" signature="testSetUp(java.lang.String)[pri:0, instance:com.inetbanking.testCases.TC_LoginTest_001_test@1dfe2924]" name="testSetUp" is-config="true" duration-ms="8445" started-at="2021-12-01T20:51:07 IST" finished-at="2021-12-01T20:51:15 IST">
          <params>
            <param index="0">
              <value>
                <![CDATA[chrome]]>
              </value>
            </param>
          </params>
          <reporter-output>
          </reporter-output>
        </test-method> <!-- testSetUp -->
        <test-method status="PASS" signature="loginTest()[pri:0, instance:com.inetbanking.testCases.TC_LoginTest_001_test@1dfe2924]" name="loginTest" duration-ms="2726" started-at="2021-12-01T20:51:15 IST" finished-at="2021-12-01T20:51:18 IST">
          <reporter-output>
          </reporter-output>
        </test-method> <!-- loginTest -->
        <test-method status="PASS" signature="tearDownS()[pri:0, instance:com.inetbanking.testCases.TC_LoginTest_001_test@1dfe2924]" name="tearDownS" is-config="true" duration-ms="130" started-at="2021-12-01T20:51:18 IST" finished-at="2021-12-01T20:51:18 IST">
          <reporter-output>
          </reporter-output>
        </test-method> <!-- tearDownS -->
      </class> <!-- com.inetbanking.testCases.TC_LoginTest_001_test -->
      <class name="com.inetbanking.testCases.TC_AddNewCustomer_003_test">
        <test-method status="PASS" signature="testSetUp(java.lang.String)[pri:0, instance:com.inetbanking.testCases.TC_AddNewCustomer_003_test@49fc609f]" name="testSetUp" is-config="true" duration-ms="4194" started-at="2021-12-01T20:51:18 IST" finished-at="2021-12-01T20:51:22 IST">
          <params>
            <param index="0">
              <value>
                <![CDATA[chrome]]>
              </value>
            </param>
          </params>
          <reporter-output>
          </reporter-output>
        </test-method> <!-- testSetUp -->
        <test-method status="FAIL" signature="addingCustomer()[pri:0, instance:com.inetbanking.testCases.TC_AddNewCustomer_003_test@49fc609f]" name="addingCustomer" duration-ms="9858" started-at="2021-12-01T20:51:22 IST" finished-at="2021-12-01T20:51:32 IST">
          <exception class="java.lang.AssertionError">
            <message>
              <![CDATA[expected [true] but found [false]]]>
            </message>
            <full-stacktrace>
              <![CDATA[java.lang.AssertionError: expected [true] but found [false]
at org.testng.Assert.fail(Assert.java:99)
at org.testng.Assert.failNotEquals(Assert.java:1037)
at org.testng.Assert.assertTrue(Assert.java:45)
at org.testng.Assert.assertTrue(Assert.java:55)
at com.inetbanking.testCases.TC_AddNewCustomer_003_test.addingCustomer(TC_AddNewCustomer_003_test.java:65)
at sun.reflect.NativeMethodAccessorImpl.invoke0(Native Method)
at sun.reflect.NativeMethodAccessorImpl.invoke(NativeMethodAccessorImpl.java:62)
at sun.reflect.DelegatingMethodAccessorImpl.invoke(DelegatingMethodAccessorImpl.java:43)
at java.lang.reflect.Method.invoke(Method.java:498)
at org.testng.internal.MethodInvocationHelper.invokeMethod(MethodInvocationHelper.java:133)
at org.testng.internal.TestInvoker.invokeMethod(TestInvoker.java:598)
at org.testng.internal.TestInvoker.invokeTestMethod(TestInvoker.java:173)
at org.testng.internal.MethodRunner.runInSequence(MethodRunner.java:46)
at org.testng.internal.TestInvoker$MethodInvocationAgent.invoke(TestInvoker.java:824)
at org.testng.internal.TestInvoker.invokeTestMethods(TestInvoker.java:146)
at org.testng.internal.TestMethodWorker.invokeTestMethods(TestMethodWorker.java:146)
at org.testng.internal.TestMethodWorker.run(TestMethodWorker.java:128)
at java.util.ArrayList.forEach(ArrayList.java:1259)
at org.testng.TestRunner.privateRun(TestRunner.java:794)
at org.testng.TestRunner.run(TestRunner.java:596)
at org.testng.SuiteRunner.runTest(SuiteRunner.java:377)
at org.testng.SuiteRunner.runSequentially(SuiteRunner.java:371)
at org.testng.SuiteRunner.privateRun(SuiteRunner.java:332)
at org.testng.SuiteRunner.run(SuiteRunner.java:276)
at org.testng.SuiteRunnerWorker.runSuite(SuiteRunnerWorker.java:53)
at org.testng.SuiteRunnerWorker.run(SuiteRunnerWorker.java:96)
at org.testng.TestNG.runSuitesSequentially(TestNG.java:1212)
at org.testng.TestNG.runSuitesLocally(TestNG.java:1134)
at org.testng.TestNG.runSuites(TestNG.java:1063)
at org.testng.TestNG.run(TestNG.java:1031)
at org.apache.maven.surefire.testng.TestNGExecutor.run(TestNGExecutor.java:295)
at org.apache.maven.surefire.testng.TestNGXmlTestSuite.execute(TestNGXmlTestSuite.java:84)
at org.apache.maven.surefire.testng.TestNGProvider.invoke(TestNGProvider.java:90)
at org.apache.maven.surefire.booter.ForkedBooter.invokeProviderInSameClassLoader(ForkedBooter.java:203)
at org.apache.maven.surefire.booter.ForkedBooter.runSuitesInProcess(ForkedBooter.java:155)
at org.apache.maven.surefire.booter.ForkedBooter.main(ForkedBooter.java:103)
]]>
            </full-stacktrace>
          </exception> <!-- java.lang.AssertionError -->
          <reporter-output>
          </reporter-output>
        </test-method> <!-- addingCustomer -->
        <test-method status="PASS" signature="tearDownS()[pri:0, instance:com.inetbanking.testCases.TC_AddNewCustomer_003_test@49fc609f]" name="tearDownS" is-config="true" duration-ms="126" started-at="2021-12-01T20:51:32 IST" finished-at="2021-12-01T20:51:32 IST">
          <reporter-output>
          </reporter-output>
        </test-method> <!-- tearDownS -->
      </class> <!-- com.inetbanking.testCases.TC_AddNewCustomer_003_test -->
    </test> <!-- Banking App Test -->
  </suite> <!-- MavenSelYoutubeBankingProject -->
</testng-results>
